<?xml version="1.0" encoding="UTF-8"?>
<testng-results ignored="0" total="1" passed="1" failed="0" skipped="0">
  <reporter-output>
  </reporter-output>
  <suite started-at="2021-08-26T12:22:10 GMT+08:00" name="Suite" finished-at="2021-08-26T12:22:13 GMT+08:00" duration-ms="2789">
    <groups>
    </groups>
    <test started-at="2021-08-26T12:22:10 GMT+08:00" name="Test" finished-at="2021-08-26T12:22:13 GMT+08:00" duration-ms="2789">
      <class name="testNGPackage.Activity2">
        <test-method is-config="true" signature="beforeMethod()[pri:0, instance:testNGPackage.Activity2@27ff5d15]" started-at="2021-08-26T12:22:10 GMT+08:00" name="beforeMethod" finished-at="2021-08-26T12:22:12 GMT+08:00" duration-ms="1241" status="PASS">
          <reporter-output>
          </reporter-output>
        </test-method> <!-- beforeMethod -->
        <test-method signature="testList()[pri:0, instance:testNGPackage.Activity2@27ff5d15]" started-at="2021-08-26T12:22:12 GMT+08:00" name="testList" finished-at="2021-08-26T12:22:13 GMT+08:00" duration-ms="1494" status="PASS">
          <reporter-output>
          </reporter-output>
        </test-method> <!-- testList -->
        <test-method is-config="true" signature="afterMethod()[pri:0, instance:testNGPackage.Activity2@27ff5d15]" started-at="2021-08-26T12:22:13 GMT+08:00" name="afterMethod" finished-at="2021-08-26T12:22:13 GMT+08:00" duration-ms="0" status="PASS">
          <reporter-output>
          </reporter-output>
        </test-method> <!-- afterMethod -->
      </class> <!-- testNGPackage.Activity2 -->
    </test> <!-- Test -->
  </suite> <!-- Suite -->
</testng-results>
